<?xml version="1.0" encoding="UTF-8"?>
<testsuite name="com.adloveyou.ms.ad.config.WebConfigurerTest" tests="8" skipped="0" failures="0" errors="0" timestamp="2018-01-17T22:28:05" hostname="K95VJ" time="2.439">
  <properties/>
  <testcase name="testCorsFilterOnOtherPath" classname="com.adloveyou.ms.ad.config.WebConfigurerTest" time="2.161"/>
  <testcase name="testCorsFilterDeactivated" classname="com.adloveyou.ms.ad.config.WebConfigurerTest" time="0.028"/>
  <testcase name="testStartUpProdServletContext" classname="com.adloveyou.ms.ad.config.WebConfigurerTest" time="0.146"/>
  <testcase name="testUndertowHttp2Enabled" classname="com.adloveyou.ms.ad.config.WebConfigurerTest" time="0.04"/>
  <testcase name="testCorsFilterOnApiPath" classname="com.adloveyou.ms.ad.config.WebConfigurerTest" time="0.028"/>
  <testcase name="testStartUpDevServletContext" classname="com.adloveyou.ms.ad.config.WebConfigurerTest" time="0.003"/>
  <testcase name="testCorsFilterDeactivated2" classname="com.adloveyou.ms.ad.config.WebConfigurerTest" time="0.025"/>
  <testcase name="testCustomizeServletContainer" classname="com.adloveyou.ms.ad.config.WebConfigurerTest" time="0.006"/>
  <system-out><![CDATA[]]></system-out>
  <system-err><![CDATA[]]></system-err>
</testsuite>
